<?xml version="1.0" encoding="UTF-8"?>
<!-- Generated by org.testng.reporters.JUnitXMLReporter -->
<testsuite ignored="0" hostname="Gurlaptop305" failures="0" tests="3" name="Default test" time="95.455" errors="0" timestamp="2021-08-26T09:25:19 IST">
  <testcase classname="com.qa.testcases.LoginPageTests" name="verifyPageTitleTest" time="0.031"/>
  <testcase classname="com.qa.testcases.LoginPageTests" name="verifyPageLogoTest" time="0.13"/>
  <testcase classname="com.qa.testcases.LoginPageTests" name="loginTest" time="5.429"/>
</testsuite> <!-- Default test -->
