<?xml version="1.0" encoding="UTF-8"?>
<!-- Generated by org.testng.reporters.JUnitXMLReporter -->
<testsuite ignored="0" hostname="Gurlaptop305" failures="0" tests="3" name="My Store Test)" time="106.701" errors="0" timestamp="2021-08-28T14:27:05 IST">
  <testcase classname="com.qa.testcases.LoginPageTests" name="verifyPageTitleTest" time="0.038"/>
  <testcase classname="com.qa.testcases.LoginPageTests" name="verifyPageLogoTest" time="0.142"/>
  <testcase classname="com.qa.testcases.LoginPageTests" name="loginTest" time="4.922"/>
</testsuite> <!-- My Store Test) -->
