<?xml version="1.0" encoding="UTF-8"?>
<testng-results ignored="0" total="3" passed="3" failed="0" skipped="0">
  <reporter-output>
  </reporter-output>
  <suite started-at="2021-08-26T09:23:43 IST" name="Default suite" finished-at="2021-08-26T09:25:19 IST" duration-ms="95455">
    <groups>
    </groups>
    <test started-at="2021-08-26T09:23:43 IST" name="Default test" finished-at="2021-08-26T09:25:19 IST" duration-ms="95455">
      <class name="com.qa.testcases.LoginPageTests">
        <test-method is-config="true" signature="setup()[pri:0, instance:com.qa.testcases.LoginPageTests@6340e5f0]" started-at="2021-08-26T09:23:43 IST" name="setup" finished-at="2021-08-26T09:24:03 IST" duration-ms="19633" status="PASS">
          <reporter-output>
          </reporter-output>
        </test-method> <!-- setup -->
        <test-method signature="verifyPageTitleTest()[pri:1, instance:com.qa.testcases.LoginPageTests@6340e5f0]" started-at="2021-08-26T09:24:03 IST" name="verifyPageTitleTest" finished-at="2021-08-26T09:24:03 IST" duration-ms="31" status="PASS">
          <reporter-output>
          </reporter-output>
        </test-method> <!-- verifyPageTitleTest -->
        <test-method is-config="true" signature="teardown()[pri:0, instance:com.qa.testcases.LoginPageTests@6340e5f0]" started-at="2021-08-26T09:24:03 IST" name="teardown" finished-at="2021-08-26T09:24:05 IST" duration-ms="2610" status="PASS">
          <reporter-output>
          </reporter-output>
        </test-method> <!-- teardown -->
        <test-method is-config="true" signature="setup()[pri:0, instance:com.qa.testcases.LoginPageTests@6340e5f0]" started-at="2021-08-26T09:24:05 IST" name="setup" finished-at="2021-08-26T09:24:37 IST" duration-ms="31555" status="PASS">
          <reporter-output>
          </reporter-output>
        </test-method> <!-- setup -->
        <test-method signature="verifyPageLogoTest()[pri:2, instance:com.qa.testcases.LoginPageTests@6340e5f0]" started-at="2021-08-26T09:24:37 IST" name="verifyPageLogoTest" finished-at="2021-08-26T09:24:37 IST" duration-ms="130" status="PASS">
          <reporter-output>
          </reporter-output>
        </test-method> <!-- verifyPageLogoTest -->
        <test-method is-config="true" signature="teardown()[pri:0, instance:com.qa.testcases.LoginPageTests@6340e5f0]" started-at="2021-08-26T09:24:37 IST" name="teardown" finished-at="2021-08-26T09:24:39 IST" duration-ms="1971" status="PASS">
          <reporter-output>
          </reporter-output>
        </test-method> <!-- teardown -->
        <test-method is-config="true" signature="setup()[pri:0, instance:com.qa.testcases.LoginPageTests@6340e5f0]" started-at="2021-08-26T09:24:39 IST" name="setup" finished-at="2021-08-26T09:25:11 IST" duration-ms="31942" status="PASS">
          <reporter-output>
          </reporter-output>
        </test-method> <!-- setup -->
        <test-method signature="loginTest()[pri:3, instance:com.qa.testcases.LoginPageTests@6340e5f0]" started-at="2021-08-26T09:25:11 IST" name="loginTest" finished-at="2021-08-26T09:25:16 IST" duration-ms="5429" status="PASS">
          <reporter-output>
          </reporter-output>
        </test-method> <!-- loginTest -->
        <test-method is-config="true" signature="teardown()[pri:0, instance:com.qa.testcases.LoginPageTests@6340e5f0]" started-at="2021-08-26T09:25:16 IST" name="teardown" finished-at="2021-08-26T09:25:19 IST" duration-ms="2087" status="PASS">
          <reporter-output>
          </reporter-output>
        </test-method> <!-- teardown -->
      </class> <!-- com.qa.testcases.LoginPageTests -->
    </test> <!-- Default test -->
  </suite> <!-- Default suite -->
</testng-results>
