<?xml version="1.0" encoding="UTF-8"?>
<testng-results ignored="0" total="3" passed="3" failed="0" skipped="0">
  <reporter-output>
  </reporter-output>
  <suite started-at="2021-08-28T14:25:18 IST" name="My Store Suite" finished-at="2021-08-28T14:27:05 IST" duration-ms="106701">
    <groups>
    </groups>
    <test started-at="2021-08-28T14:25:18 IST" name="My Store Test)" finished-at="2021-08-28T14:27:05 IST" duration-ms="106701">
      <class name="com.qa.testcases.LoginPageTests">
        <test-method is-config="true" signature="setup()[pri:0, instance:com.qa.testcases.LoginPageTests@f78a47e]" started-at="2021-08-28T14:25:18 IST" name="setup" finished-at="2021-08-28T14:25:51 IST" duration-ms="33106" status="PASS">
          <reporter-output>
          </reporter-output>
        </test-method> <!-- setup -->
        <test-method signature="verifyPageTitleTest()[pri:1, instance:com.qa.testcases.LoginPageTests@f78a47e]" started-at="2021-08-28T14:25:51 IST" name="verifyPageTitleTest" finished-at="2021-08-28T14:25:51 IST" duration-ms="38" status="PASS">
          <reporter-output>
          </reporter-output>
        </test-method> <!-- verifyPageTitleTest -->
        <test-method is-config="true" signature="teardown()[pri:0, instance:com.qa.testcases.LoginPageTests@f78a47e]" started-at="2021-08-28T14:25:51 IST" name="teardown" finished-at="2021-08-28T14:25:53 IST" duration-ms="2132" status="PASS">
          <reporter-output>
          </reporter-output>
        </test-method> <!-- teardown -->
        <test-method is-config="true" signature="setup()[pri:0, instance:com.qa.testcases.LoginPageTests@f78a47e]" started-at="2021-08-28T14:25:53 IST" name="setup" finished-at="2021-08-28T14:26:25 IST" duration-ms="31533" status="PASS">
          <reporter-output>
          </reporter-output>
        </test-method> <!-- setup -->
        <test-method signature="verifyPageLogoTest()[pri:2, instance:com.qa.testcases.LoginPageTests@f78a47e]" started-at="2021-08-28T14:26:25 IST" name="verifyPageLogoTest" finished-at="2021-08-28T14:26:25 IST" duration-ms="142" status="PASS">
          <reporter-output>
          </reporter-output>
        </test-method> <!-- verifyPageLogoTest -->
        <test-method is-config="true" signature="teardown()[pri:0, instance:com.qa.testcases.LoginPageTests@f78a47e]" started-at="2021-08-28T14:26:25 IST" name="teardown" finished-at="2021-08-28T14:26:27 IST" duration-ms="1897" status="PASS">
          <reporter-output>
          </reporter-output>
        </test-method> <!-- teardown -->
        <test-method is-config="true" signature="setup()[pri:0, instance:com.qa.testcases.LoginPageTests@f78a47e]" started-at="2021-08-28T14:26:27 IST" name="setup" finished-at="2021-08-28T14:26:58 IST" duration-ms="30717" status="PASS">
          <reporter-output>
          </reporter-output>
        </test-method> <!-- setup -->
        <test-method signature="loginTest()[pri:3, instance:com.qa.testcases.LoginPageTests@f78a47e]" started-at="2021-08-28T14:26:58 IST" name="loginTest" finished-at="2021-08-28T14:27:03 IST" duration-ms="4922" status="PASS">
          <reporter-output>
          </reporter-output>
        </test-method> <!-- loginTest -->
        <test-method is-config="true" signature="teardown()[pri:0, instance:com.qa.testcases.LoginPageTests@f78a47e]" started-at="2021-08-28T14:27:03 IST" name="teardown" finished-at="2021-08-28T14:27:05 IST" duration-ms="2128" status="PASS">
          <reporter-output>
          </reporter-output>
        </test-method> <!-- teardown -->
      </class> <!-- com.qa.testcases.LoginPageTests -->
    </test> <!-- My Store Test) -->
  </suite> <!-- My Store Suite -->
</testng-results>
